Processing: trudesk (polonel)
Processing: foreman (theforeman)
Processing: etherpad-lite (ether)
Processing: cacti (ddb4github)
Processing: cacti (mayfly277)
Processing: wiki (requarks)
Processing: parse-server (parse-community)
Processing: uri.js (medialize)
Processing: url-parse (unshiftio)
Processing: undici (nodejs)
Processing: framework (totaljs)
Processing: systeminformation (sebhildebrandt)
Processing: bootstrap (twbs)
Processing: titra (kromitgmbh)
Processing: rendertron (googlechrome)
Processing: convert-svg (neocotic)
Processing: follow-redirects (follow-redirects)
Processing: nodebb (nodebb)
Processing: omero-web (ome)
Processing: forge (digitalbazaar)
Processing: node-ecstatic (jfhbrook)
Processing: ejs (mde)
Processing: tine20 (tine20)
Processing: grunt (gruntjs)
Processing: openpgpjs (openpgpjs)
Processing: sequelize (sequelize)
Processing: node-opcua (node-opcua)
Processing: sogo (inverse-inc)
Processing: inventree (inventree)
Processing: jquery (jquery)
Processing: tine-2.0-open-source-groupware-and-crm (tine20)
Processing: sanitize-html (apostrophecms)
Processing: swagger-codegen (swagger-api)
Processing: drawio (jgraph)
Processing: hedgedoc (hedgedoc)
Processing: adminlte (pi-hole)
Processing: mathjs (josdejong)
Processing: opensis-responsive-design (os4ed)
Processing: apostrophe (apostrophecms)
Processing: fullpage.js (alvarotrigo)
Processing: handlebars.js (handlebars-lang)
Processing: privatebin (privatebin)
Processing: dojo (dojo)
Processing: npm (npm)
Processing: keystone (keystonejs)
Processing: gitlab-ce (gitlab-org)
Processing: openrefine (openrefine)
Processing: strapi (strapi)
Processing: mongoose (automattic)
Processing: object-path (mariocasciaro)
Processing: node-tar (npm)
Processing: bootstrap (don-spyker)
Processing: next.js (vercel)
Processing: django-wiki (django-wiki)
Processing: async-git (omrilotan)
Processing: janus-gateway (meetecho)
Processing: node-convict (mozilla)
Processing: karma (karma-runner)
Processing: codecov-node (codecov)
Processing: moment (moment)
Processing: cms (craftcms)
Processing: xmldom (xmldom)
Processing: connect (senchalabs)
Processing: cli (npm)
Processing: uppy (transloadit)
Processing: dompurify (cure53)
Processing: joplin (laurent22)
Processing: set-in (ahdinosaur)
Processing: cve-services (cveproject)
Processing: mermaid (mermaid-js)
Processing: hoek (hapijs)
Processing: node-shell-quote (substack)
Processing: git-tag-annotation-action (ericcornelissen)
Processing: jquery.terminal (jcubic)
Processing: adm-zip (cthackers)
Processing: fastify (fastify)
Processing: semantic-release (semantic-release)
Processing: etherpad-lite (tomnomnom)
Processing: sqlpad (sqlpad)
Processing: formula-parser (handsontable)
Processing: cgm-remote-monitor (nightscout)
Processing: sticky (flarum)
Processing: sails-hook-sockets (balderdashy)
Processing: less-openui5 (sap)
Processing: hawk (hueniverse)
Processing: cli (ruyadorno)
Processing: jsuites (jsuites)
Processing: log4js-node (log4js-node)
Processing: fastify-reply-from (fastify)
Processing: girder (girder)
Processing: url.js (duzun)
Processing: request (request)
Processing: node-cookie-signature (tj)
Processing: chartkick (ankane)
Processing: ansi_up (drudru)
Processing: growi (weseek)
Processing: marked (markedjs)
Processing: pug (pugjs)
Processing: generator-jhipster (jhipster)
Processing: kill-by-port (guymograbi)
Processing: monkshu (tekmonksgithub)
Processing: scratchtools (stforscratch)
Processing: mquery (aheckmann)
Processing: pomelo (topfreegames)
Processing: engine.io (socketio)
Processing: wekan (wekan)
Processing: node-fetch (node-fetch)
Processing: ini (npm)
Processing: vega (vega)
Processing: github-action-merge-dependabot (fastify)
Processing: watchadblock (kzar)
Processing: hexo (hexojs)
Processing: adnauseam (mneunomne)
Processing: node-printer (tojocky)
Processing: fs-path (pillys)
Processing: protobuf.js (protobufjs)
Processing: fastify-bearer-auth (fastify)
Processing: proxy (podium-lib)
Processing: objection.js (vincit)
Processing: extend2 (eggjs)
Processing: js-bson (mongodb)
Processing: forms (caolan)
Processing: keyget (rumkin)
Processing: typed-function (josdejong)
Processing: wekan (robert-scheck)
Processing: budibase (budibase)
Processing: cors-proxy (isomorphic-git)
Processing: waterline-sequel (balderdashy)
Processing: openwhyd (openwhyd)
Processing: life-server (interop-alliance)
Processing: fstream (npm)
Processing: knockout (knockout)
Processing: jsrsasign (kjur)
Processing: camunda-modeler (camunda)
Processing: node-open-graph (samholmes)
Processing: nodemailer (nodemailer)
Processing: ublock (gorhill)
Processing: hosted-git-info (npm)
Processing: iobroker.js-controller (iobroker)
Processing: electron-packager (electron)
Processing: node-red (node-red)
Processing: jquery-ui (jquery)
Processing: highcharts (highcharts)
Processing: express-restify-mongoose (florianholzapfel)
Processing: desktop-app (leanote)
Processing: node-ldapauth-fork (vesse)
Processing: controlled-merge (hlfshell)
Processing: grafana (janzerebecki)
Processing: undefsafe (remy)
Processing: jpeg-js (jpeg-js)
Processing: mqtt.js (mqttjs)
Processing: node-jsonpointer (janl)
Processing: pomelo (alexandreab)
Processing: express-jwt (auth0)
Processing: appwrite (appwrite)
Processing: habitica (habitrpg)
Processing: irrelon-path (irrelon)
Processing: discourse-footnote (discourse)
Processing: prism (prismjs)
Processing: braces (micromatch)
Processing: keycloak-nodejs-connect (keycloak)
Processing: hapi (hapijs)
Processing: egroupware (egroupware)
Processing: antsword (antswordproject)
Processing: codemirror (codemirror)
Processing: bassmaster (hapijs)
Processing: otrs (otrs)
Processing: sanitize-html (punkave)
Processing: conf-cfg-ini (loge5)
Processing: mpath (aheckmann)
Processing: mversion (mikaelbr)
Processing: matrix-react-sdk (matrix-org)
Processing: loopback-connector-postgresql (loopbackio)
Processing: nes (hapijs)
Processing: browser-laptop (brave)
Processing: image-tiler (mrp)
Processing: marked (chjj)
Processing: serialize-to-js (commenthol)
Processing: dot-object (rhalff)
Processing: defaults-deep (jonschlinkert)
Processing: auth0.js (auth0)
Processing: otp-generator (maheshkumar-kakade)
Processing: lock (auth0)
Processing: opened (ronomon)
Processing: opentrade (3s3s)
Processing: swiper (nolimits4web)
Processing: markdown-it (markdown-it)
Processing: geddy (geddy)
Processing: invoiceninja (invoiceninja)
Processing: jquery (tamcy)
Processing: rspamd (rspamd)
Processing: superagent (visionmedia)
Processing: changeset (eugeneware)
Processing: parity (paritytech)
Processing: stringstream (mhart)
Processing: pixl-class (jhuckaby)
Processing: node-jsonwebtoken (auth0)
Processing: portprocesses (rrainn)
Processing: datatablessrc (datatables)
Processing: pannellum (mpetroff)
Processing: brace-expansion (juliangruber)
Processing: ftp-srv (autovance)
Processing: highlight.js (highlightjs)
Processing: node-solid-server (nodesolidserver)
Processing: omeka (omeka)
Processing: ssh2 (mscdex)
Processing: fastify-http-proxy (fastify)
Processing: webpack-subresource-integrity (waysact)
Processing: jitsi-meet-electron (jitsi)
Processing: iobroker.admin (iobroker)
Processing: node-csv-parse (adaltas)
Processing: sysend.js (jcubic)
Processing: angular-expressions (peerigon)
Processing: deephas (sharpred)
Processing: incubator-livy (apache)
Processing: crumb (hapijs)
Processing: pwndoc (pwndoc)
Processing: msgpack5 (mcollina)
Processing: marktext (marktext)
Processing: express-openid-connect (auth0)
Processing: expr (jquense)
Processing: fastify-multipart (fastify)
Processing: cached-path-relative (ashaffer)
Processing: byobu (friendsofflarum)
Processing: node-http-proxy-agent (tootallnate)
Processing: jsoneditor (josdejong)
Processing: algoliasearch-helper-js (algolia)
Processing: providence (collectiveaccess)
Processing: eventsource (eventsource)
Processing: simple-get (feross)
Processing: jquery (markelog)
Processing: assign-deep (jonschlinkert)
Processing: countly-server (countly)
Processing: xsshunter-express (mandatoryprogrammer)
Processing: streamroller (log4js-node)
Processing: glance (jarofghosts)
Processing: mongo-express (mongo-express)
Processing: ws (websockets)
Processing: locutus (locutusjs)
Processing: socket.io-parser (socketio)
Processing: linux-cmdline (piranna)
Processing: pomelo (netease)
Processing: node-mixme (adaltas)
Processing: find-my-way (delvedor)
Processing: semver-regex (sindresorhus)
Processing: confinit (davideicardi)
Processing: swagger-ui (swagger-api)
Processing: tough-cookie (salesforce)
Processing: connie-lang (mattinsler)
Processing: node-unzipper (zjonsson)
Processing: planka (plankanban)
Processing: color-string (qix-)
Processing: node-config-shield (godaddy)
Processing: apps (owncloud)
Processing: piechart-panel (grafana)
Processing: socket.io (socketio)
Processing: rocket.chat (rocketchat)
Processing: date-and-time (knowledgecode)
Processing: shelljs (shelljs)
Processing: commonmark.js (commonmark)
Processing: git-pull-or-clone (feross)
Processing: mdbook (rust-lang)
Processing: apexcharts.js (apexcharts)
Processing: node-xmlhttprequest (mjwwit)
Processing: send (visionmedia)
Processing: scratch-svg-renderer (llk)
Processing: video.js (videojs)
Processing: ssb-db (ssbc)
Processing: jappix (jappix)
Processing: npm-go-ipfs-dep (ipfs-inactive)
Processing: jquery (acronisscs)
Processing: shescape (ericcornelissen)
Processing: node-jwt-simple (hokaccha)
Processing: tar-fs (mafintosh)
Processing: rspamd (cpragadeesh)
Processing: resolve-path (pillarjs)
Processing: body-parser-xml (fiznool)
Processing: merge (viking04)
Processing: next-auth (nextauthjs)
Processing: jquery (draios)
Processing: cmum (dukereborn)
Processing: lodash (lodash)
Processing: node-http-proxy (http-party)
Processing: validformbuilder (validformbuilder)
Processing: simditor (mycolorway)
Processing: schema-inspector (atinux)
Processing: madlib-object-utils (qwerios)
Processing: trilium (zadam)
Processing: plist.js (tootallnate)
Processing: three.js (mrdoob)
Processing: passport-oauth2 (jaredhanson)
Processing: mercurius (mercurius-js)
Processing: deep-override (asaianudeep)
Processing: trailing-slash (fardog)
Processing: inflect (pksunkara)
Processing: markdown-preview (volca)
Processing: rdoc (rdoc)
Processing: geon (math-geon)
Processing: node-syntax-error (substack)
Processing: editor.md (alromh87)
Processing: phantom-html-to-pdf (pofider)
Processing: 
Invalid format for name12: 

Matches:
trudesk (polonel) <=> polonel##trudesk
foreman (theforeman) <=> theforeman##foreman
etherpad-lite (ether) <=> ether##etherpad-lite
etherpad-lite (ether) <=> tomnomnom##etherpad-lite
cacti (ddb4github) <=> mayfly277##cacti
cacti (ddb4github) <=> cacti##cacti
cacti (ddb4github) <=> ddb4github##cacti
cacti (mayfly277) <=> mayfly277##cacti
cacti (mayfly277) <=> cacti##cacti
cacti (mayfly277) <=> ddb4github##cacti
wiki (requarks) <=> requarks##wiki
parse-server (parse-community) <=> parse-community##parse-server
uri.js (medialize) <=> medialize##uri.js
url-parse (unshiftio) <=> unshiftio##url-parse
undici (nodejs) <=> nodejs##undici
undici (nodejs) <=> nodejs##node
framework (totaljs) <=> totaljs##framework
systeminformation (sebhildebrandt) <=> sebhildebrandt##systeminformation
bootstrap (twbs) <=> don-spyker##bootstrap
bootstrap (twbs) <=> twbs##bootstrap
titra (kromitgmbh) <=> kromitgmbh##titra
rendertron (googlechrome) <=> googlechrome##rendertron
convert-svg (neocotic) <=> neocotic##convert-svg
follow-redirects (follow-redirects) <=> follow-redirects##follow-redirects
nodebb (nodebb) <=> nodebb##nodebb
omero-web (ome) <=> ome##omero-web
forge (digitalbazaar) <=> digitalbazaar##forge
node-ecstatic (jfhbrook) <=> jfhbrook##node-ecstatic
ejs (mde) <=> mde##ejs
tine20 (tine20) <=> tine20##tine-2.0-open-source-groupware-and-crm
tine20 (tine20) <=> tine20##tine20
grunt (gruntjs) <=> gruntjs##grunt
openpgpjs (openpgpjs) <=> openpgpjs##openpgpjs
sequelize (sequelize) <=> sequelize##sequelize
node-opcua (node-opcua) <=> node-opcua##node-opcua
sogo (inverse-inc) <=> inverse-inc##sogo
inventree (inventree) <=> inventree##inventree
jquery (jquery) <=> acronisscs##jquery
jquery (jquery) <=> jquery##jquery-ui
jquery (jquery) <=> draios##jquery
jquery (jquery) <=> jquery##jquery
jquery (jquery) <=> tamcy##jquery
jquery (jquery) <=> markelog##jquery
tine-2.0-open-source-groupware-and-crm (tine20) <=> tine20##tine-2.0-open-source-groupware-and-crm
tine-2.0-open-source-groupware-and-crm (tine20) <=> tine20##tine20
sanitize-html (apostrophecms) <=> punkave##sanitize-html
sanitize-html (apostrophecms) <=> apostrophecms##sanitize-html
sanitize-html (apostrophecms) <=> apostrophecms##apostrophe
swagger-codegen (swagger-api) <=> swagger-api##swagger-ui
swagger-codegen (swagger-api) <=> swagger-api##swagger-codegen
drawio (jgraph) <=> jgraph##drawio
hedgedoc (hedgedoc) <=> hedgedoc##hedgedoc
adminlte (pi-hole) <=> pi-hole##adminlte
mathjs (josdejong) <=> josdejong##mathjs
mathjs (josdejong) <=> josdejong##typed-function
mathjs (josdejong) <=> josdejong##jsoneditor
opensis-responsive-design (os4ed) <=> os4ed##opensis-responsive-design
apostrophe (apostrophecms) <=> apostrophecms##sanitize-html
apostrophe (apostrophecms) <=> apostrophecms##apostrophe
fullpage.js (alvarotrigo) <=> alvarotrigo##fullpage.js
handlebars.js (handlebars-lang) <=> handlebars-lang##handlebars.js
privatebin (privatebin) <=> privatebin##privatebin
dojo (dojo) <=> dojo##dojo
npm (npm) <=> npm##npm
npm (npm) <=> npm##node-tar
npm (npm) <=> npm##hosted-git-info
npm (npm) <=> npm##ini
npm (npm) <=> npm##cli
npm (npm) <=> npm##fstream
keystone (keystonejs) <=> keystonejs##keystone
gitlab-ce (gitlab-org) <=> gitlab-org##gitlab-ce
openrefine (openrefine) <=> openrefine##openrefine
strapi (strapi) <=> strapi##strapi
mongoose (automattic) <=> automattic##mongoose
object-path (mariocasciaro) <=> mariocasciaro##object-path
node-tar (npm) <=> npm##npm
node-tar (npm) <=> npm##node-tar
node-tar (npm) <=> npm##hosted-git-info
node-tar (npm) <=> npm##ini
node-tar (npm) <=> npm##cli
node-tar (npm) <=> npm##fstream
bootstrap (don-spyker) <=> don-spyker##bootstrap
bootstrap (don-spyker) <=> twbs##bootstrap
next.js (vercel) <=> vercel##next.js
django-wiki (django-wiki) <=> django-wiki##django-wiki
async-git (omrilotan) <=> omrilotan##async-git
janus-gateway (meetecho) <=> meetecho##janus-gateway
node-convict (mozilla) <=> mozilla##gecko-dev
node-convict (mozilla) <=> mozilla##node-convict
karma (karma-runner) <=> karma-runner##karma
codecov-node (codecov) <=> codecov##codecov-node
moment (moment) <=> moment##moment
cms (craftcms) <=> craftcms##cms
xmldom (xmldom) <=> xmldom##xmldom
connect (senchalabs) <=> senchalabs##connect
cli (npm) <=> ruyadorno##cli
cli (npm) <=> npm##npm
cli (npm) <=> npm##node-tar
cli (npm) <=> npm##hosted-git-info
cli (npm) <=> npm##ini
cli (npm) <=> npm##cli
cli (npm) <=> npm##fstream
uppy (transloadit) <=> transloadit##uppy
dompurify (cure53) <=> cure53##dompurify
joplin (laurent22) <=> laurent22##joplin
set-in (ahdinosaur) <=> ahdinosaur##set-in
cve-services (cveproject) <=> cveproject##cve-services
mermaid (mermaid-js) <=> mermaid-js##mermaid
hoek (hapijs) <=> hapijs##hoek
hoek (hapijs) <=> hapijs##bassmaster
hoek (hapijs) <=> hapijs##hapi
hoek (hapijs) <=> hapijs##nes
hoek (hapijs) <=> hapijs##crumb
node-shell-quote (substack) <=> substack##node-shell-quote
node-shell-quote (substack) <=> substack##node-syntax-error
git-tag-annotation-action (ericcornelissen) <=> ericcornelissen##shescape
git-tag-annotation-action (ericcornelissen) <=> ericcornelissen##git-tag-annotation-action
jquery.terminal (jcubic) <=> jcubic##sysend.js
jquery.terminal (jcubic) <=> jcubic##jquery.terminal
adm-zip (cthackers) <=> cthackers##adm-zip
fastify (fastify) <=> fastify##fastify-bearer-auth
fastify (fastify) <=> fastify##fastify-http-proxy
fastify (fastify) <=> fastify##github-action-merge-dependabot
fastify (fastify) <=> fastify##fastify-multipart
fastify (fastify) <=> fastify##fastify
fastify (fastify) <=> fastify##fastify-reply-from
semantic-release (semantic-release) <=> semantic-release##semantic-release
etherpad-lite (tomnomnom) <=> ether##etherpad-lite
etherpad-lite (tomnomnom) <=> tomnomnom##etherpad-lite
sqlpad (sqlpad) <=> sqlpad##sqlpad
formula-parser (handsontable) <=> handsontable##formula-parser
cgm-remote-monitor (nightscout) <=> nightscout##cgm-remote-monitor
sticky (flarum) <=> flarum##sticky
sails-hook-sockets (balderdashy) <=> balderdashy##waterline-sequel
sails-hook-sockets (balderdashy) <=> balderdashy##sails-hook-sockets
less-openui5 (sap) <=> sap##less-openui5
hawk (hueniverse) <=> hueniverse##hawk
cli (ruyadorno) <=> ruyadorno##cli
cli (ruyadorno) <=> npm##cli
jsuites (jsuites) <=> jsuites##jsuites
log4js-node (log4js-node) <=> log4js-node##log4js-node
log4js-node (log4js-node) <=> log4js-node##streamroller
fastify-reply-from (fastify) <=> fastify##fastify-bearer-auth
fastify-reply-from (fastify) <=> fastify##fastify-http-proxy
fastify-reply-from (fastify) <=> fastify##github-action-merge-dependabot
fastify-reply-from (fastify) <=> fastify##fastify-multipart
fastify-reply-from (fastify) <=> fastify##fastify
fastify-reply-from (fastify) <=> fastify##fastify-reply-from
girder (girder) <=> girder##girder
url.js (duzun) <=> duzun##url.js
request (request) <=> request##request
node-cookie-signature (tj) <=> tj##node-cookie-signature
chartkick (ankane) <=> ankane##chartkick
ansi_up (drudru) <=> drudru##ansi_up
growi (weseek) <=> weseek##growi
marked (markedjs) <=> chjj##marked
marked (markedjs) <=> markedjs##marked
pug (pugjs) <=> pugjs##pug
generator-jhipster (jhipster) <=> jhipster##generator-jhipster
kill-by-port (guymograbi) <=> guymograbi##kill-by-port
monkshu (tekmonksgithub) <=> tekmonksgithub##monkshu
scratchtools (stforscratch) <=> stforscratch##scratchtools
mquery (aheckmann) <=> aheckmann##mquery
mquery (aheckmann) <=> aheckmann##mpath
pomelo (topfreegames) <=> topfreegames##pomelo
pomelo (topfreegames) <=> netease##pomelo
pomelo (topfreegames) <=> alexandreab##pomelo
engine.io (socketio) <=> socketio##engine.io
engine.io (socketio) <=> socketio##socket.io-parser
engine.io (socketio) <=> socketio##socket.io
wekan (wekan) <=> wekan##wekan
wekan (wekan) <=> robert-scheck##wekan
node-fetch (node-fetch) <=> node-fetch##node-fetch
ini (npm) <=> npm##npm
ini (npm) <=> npm##node-tar
ini (npm) <=> npm##hosted-git-info
ini (npm) <=> npm##ini
ini (npm) <=> npm##cli
ini (npm) <=> npm##fstream
vega (vega) <=> vega##vega
github-action-merge-dependabot (fastify) <=> fastify##fastify-bearer-auth
github-action-merge-dependabot (fastify) <=> fastify##fastify-http-proxy
github-action-merge-dependabot (fastify) <=> fastify##github-action-merge-dependabot
github-action-merge-dependabot (fastify) <=> fastify##fastify-multipart
github-action-merge-dependabot (fastify) <=> fastify##fastify
github-action-merge-dependabot (fastify) <=> fastify##fastify-reply-from
watchadblock (kzar) <=> kzar##watchadblock
hexo (hexojs) <=> hexojs##hexo
adnauseam (mneunomne) <=> mneunomne##adnauseam
node-printer (tojocky) <=> tojocky##node-printer
fs-path (pillys) <=> pillys##fs-path
protobuf.js (protobufjs) <=> protobufjs##protobuf.js
fastify-bearer-auth (fastify) <=> fastify##fastify-bearer-auth
fastify-bearer-auth (fastify) <=> fastify##fastify-http-proxy
fastify-bearer-auth (fastify) <=> fastify##github-action-merge-dependabot
fastify-bearer-auth (fastify) <=> fastify##fastify-multipart
fastify-bearer-auth (fastify) <=> fastify##fastify
fastify-bearer-auth (fastify) <=> fastify##fastify-reply-from
proxy (podium-lib) <=> podium-lib##proxy
objection.js (vincit) <=> vincit##objection.js
extend2 (eggjs) <=> eggjs##extend2
js-bson (mongodb) <=> mongodb##js-bson
forms (caolan) <=> caolan##forms
keyget (rumkin) <=> rumkin##keyget
typed-function (josdejong) <=> josdejong##mathjs
typed-function (josdejong) <=> josdejong##typed-function
typed-function (josdejong) <=> josdejong##jsoneditor
wekan (robert-scheck) <=> wekan##wekan
wekan (robert-scheck) <=> robert-scheck##wekan
budibase (budibase) <=> budibase##budibase
cors-proxy (isomorphic-git) <=> isomorphic-git##cors-proxy
waterline-sequel (balderdashy) <=> balderdashy##waterline-sequel
waterline-sequel (balderdashy) <=> balderdashy##sails-hook-sockets
openwhyd (openwhyd) <=> openwhyd##openwhyd
life-server (interop-alliance) <=> interop-alliance##life-server
fstream (npm) <=> npm##npm
fstream (npm) <=> npm##node-tar
fstream (npm) <=> npm##hosted-git-info
fstream (npm) <=> npm##ini
fstream (npm) <=> npm##cli
fstream (npm) <=> npm##fstream
knockout (knockout) <=> knockout##knockout
jsrsasign (kjur) <=> kjur##jsrsasign
camunda-modeler (camunda) <=> camunda##camunda-modeler
node-open-graph (samholmes) <=> samholmes##node-open-graph
nodemailer (nodemailer) <=> nodemailer##nodemailer
ublock (gorhill) <=> gorhill##ublock
hosted-git-info (npm) <=> npm##npm
hosted-git-info (npm) <=> npm##node-tar
hosted-git-info (npm) <=> npm##hosted-git-info
hosted-git-info (npm) <=> npm##ini
hosted-git-info (npm) <=> npm##cli
hosted-git-info (npm) <=> npm##fstream
iobroker.js-controller (iobroker) <=> iobroker##iobroker.js-controller
iobroker.js-controller (iobroker) <=> iobroker##iobroker.admin
electron-packager (electron) <=> electron##electron-packager
node-red (node-red) <=> node-red##node-red
jquery-ui (jquery) <=> acronisscs##jquery
jquery-ui (jquery) <=> jquery##jquery-ui
jquery-ui (jquery) <=> draios##jquery
jquery-ui (jquery) <=> jquery##jquery
jquery-ui (jquery) <=> tamcy##jquery
jquery-ui (jquery) <=> markelog##jquery
highcharts (highcharts) <=> highcharts##highcharts
express-restify-mongoose (florianholzapfel) <=> florianholzapfel##express-restify-mongoose
desktop-app (leanote) <=> leanote##desktop-app
node-ldapauth-fork (vesse) <=> vesse##node-ldapauth-fork
controlled-merge (hlfshell) <=> hlfshell##controlled-merge
grafana (janzerebecki) <=> grafana##piechart-panel
grafana (janzerebecki) <=> grafana##grafana
grafana (janzerebecki) <=> janzerebecki##grafana
undefsafe (remy) <=> remy##undefsafe
jpeg-js (jpeg-js) <=> jpeg-js##jpeg-js
mqtt.js (mqttjs) <=> mqttjs##mqtt.js
node-jsonpointer (janl) <=> janl##node-jsonpointer
pomelo (alexandreab) <=> topfreegames##pomelo
pomelo (alexandreab) <=> netease##pomelo
pomelo (alexandreab) <=> alexandreab##pomelo
express-jwt (auth0) <=> auth0##auth0.js
express-jwt (auth0) <=> auth0##node-jsonwebtoken
express-jwt (auth0) <=> auth0##express-jwt
express-jwt (auth0) <=> auth0##lock
express-jwt (auth0) <=> auth0##express-openid-connect
appwrite (appwrite) <=> appwrite##appwrite
habitica (habitrpg) <=> habitrpg##habitica
irrelon-path (irrelon) <=> irrelon##irrelon-path
discourse-footnote (discourse) <=> discourse##discourse-footnote
discourse-footnote (discourse) <=> discourse##discourse
prism (prismjs) <=> prismjs##prism
braces (micromatch) <=> micromatch##braces
keycloak-nodejs-connect (keycloak) <=> keycloak##keycloak-nodejs-connect
keycloak-nodejs-connect (keycloak) <=> keycloak##keycloak
hapi (hapijs) <=> hapijs##hoek
hapi (hapijs) <=> hapijs##bassmaster
hapi (hapijs) <=> hapijs##hapi
hapi (hapijs) <=> hapijs##nes
hapi (hapijs) <=> hapijs##crumb
egroupware (egroupware) <=> egroupware##egroupware
antsword (antswordproject) <=> antswordproject##antsword
codemirror (codemirror) <=> codemirror##codemirror
bassmaster (hapijs) <=> hapijs##hoek
bassmaster (hapijs) <=> hapijs##bassmaster
bassmaster (hapijs) <=> hapijs##hapi
bassmaster (hapijs) <=> hapijs##nes
bassmaster (hapijs) <=> hapijs##crumb
otrs (otrs) <=> otrs##otrs
sanitize-html (punkave) <=> punkave##sanitize-html
sanitize-html (punkave) <=> apostrophecms##sanitize-html
conf-cfg-ini (loge5) <=> loge5##conf-cfg-ini
mpath (aheckmann) <=> aheckmann##mquery
mpath (aheckmann) <=> aheckmann##mpath
mversion (mikaelbr) <=> mikaelbr##mversion
matrix-react-sdk (matrix-org) <=> matrix-org##matrix-react-sdk
loopback-connector-postgresql (loopbackio) <=> loopbackio##loopback-connector-postgresql
nes (hapijs) <=> hapijs##hoek
nes (hapijs) <=> hapijs##bassmaster
nes (hapijs) <=> hapijs##hapi
nes (hapijs) <=> hapijs##nes
nes (hapijs) <=> hapijs##crumb
browser-laptop (brave) <=> brave##browser-laptop
image-tiler (mrp) <=> mrp##image-tiler
marked (chjj) <=> chjj##marked
marked (chjj) <=> markedjs##marked
serialize-to-js (commenthol) <=> commenthol##serialize-to-js
dot-object (rhalff) <=> rhalff##dot-object
defaults-deep (jonschlinkert) <=> jonschlinkert##assign-deep
defaults-deep (jonschlinkert) <=> jonschlinkert##defaults-deep
auth0.js (auth0) <=> auth0##auth0.js
auth0.js (auth0) <=> auth0##node-jsonwebtoken
auth0.js (auth0) <=> auth0##express-jwt
auth0.js (auth0) <=> auth0##lock
auth0.js (auth0) <=> auth0##express-openid-connect
otp-generator (maheshkumar-kakade) <=> maheshkumar-kakade##otp-generator
lock (auth0) <=> auth0##auth0.js
lock (auth0) <=> auth0##node-jsonwebtoken
lock (auth0) <=> auth0##express-jwt
lock (auth0) <=> auth0##lock
lock (auth0) <=> auth0##express-openid-connect
opened (ronomon) <=> ronomon##opened
opentrade (3s3s) <=> 3s3s##opentrade
swiper (nolimits4web) <=> nolimits4web##swiper
markdown-it (markdown-it) <=> markdown-it##markdown-it
geddy (geddy) <=> geddy##geddy
invoiceninja (invoiceninja) <=> invoiceninja##invoiceninja
jquery (tamcy) <=> acronisscs##jquery
jquery (tamcy) <=> jquery##jquery-ui
jquery (tamcy) <=> draios##jquery
jquery (tamcy) <=> jquery##jquery
jquery (tamcy) <=> tamcy##jquery
jquery (tamcy) <=> markelog##jquery
rspamd (rspamd) <=> rspamd##rspamd
rspamd (rspamd) <=> cpragadeesh##rspamd
superagent (visionmedia) <=> visionmedia##send
superagent (visionmedia) <=> visionmedia##superagent
changeset (eugeneware) <=> eugeneware##changeset
parity (paritytech) <=> paritytech##parity
stringstream (mhart) <=> mhart##stringstream
pixl-class (jhuckaby) <=> jhuckaby##pixl-class
node-jsonwebtoken (auth0) <=> auth0##auth0.js
node-jsonwebtoken (auth0) <=> auth0##node-jsonwebtoken
node-jsonwebtoken (auth0) <=> auth0##express-jwt
node-jsonwebtoken (auth0) <=> auth0##lock
node-jsonwebtoken (auth0) <=> auth0##express-openid-connect
portprocesses (rrainn) <=> rrainn##portprocesses
datatablessrc (datatables) <=> datatables##datatablessrc
pannellum (mpetroff) <=> mpetroff##pannellum
brace-expansion (juliangruber) <=> juliangruber##brace-expansion
ftp-srv (autovance) <=> autovance##ftp-srv
highlight.js (highlightjs) <=> highlightjs##highlight.js
node-solid-server (nodesolidserver) <=> nodesolidserver##node-solid-server
omeka (omeka) <=> omeka##omeka
ssh2 (mscdex) <=> mscdex##ssh2
fastify-http-proxy (fastify) <=> fastify##fastify-bearer-auth
fastify-http-proxy (fastify) <=> fastify##fastify-http-proxy
fastify-http-proxy (fastify) <=> fastify##github-action-merge-dependabot
fastify-http-proxy (fastify) <=> fastify##fastify-multipart
fastify-http-proxy (fastify) <=> fastify##fastify
fastify-http-proxy (fastify) <=> fastify##fastify-reply-from
webpack-subresource-integrity (waysact) <=> waysact##webpack-subresource-integrity
jitsi-meet-electron (jitsi) <=> jitsi##jitsi-meet-electron
iobroker.admin (iobroker) <=> iobroker##iobroker.js-controller
iobroker.admin (iobroker) <=> iobroker##iobroker.admin
node-csv-parse (adaltas) <=> adaltas##node-csv-parse
node-csv-parse (adaltas) <=> adaltas##node-mixme
sysend.js (jcubic) <=> jcubic##sysend.js
sysend.js (jcubic) <=> jcubic##jquery.terminal
angular-expressions (peerigon) <=> peerigon##angular-expressions
deephas (sharpred) <=> sharpred##deephas
incubator-livy (apache) <=> apache##incubator-livy
crumb (hapijs) <=> hapijs##hoek
crumb (hapijs) <=> hapijs##bassmaster
crumb (hapijs) <=> hapijs##hapi
crumb (hapijs) <=> hapijs##nes
crumb (hapijs) <=> hapijs##crumb
pwndoc (pwndoc) <=> pwndoc##pwndoc
msgpack5 (mcollina) <=> mcollina##msgpack5
marktext (marktext) <=> marktext##marktext
express-openid-connect (auth0) <=> auth0##auth0.js
express-openid-connect (auth0) <=> auth0##node-jsonwebtoken
express-openid-connect (auth0) <=> auth0##express-jwt
express-openid-connect (auth0) <=> auth0##lock
express-openid-connect (auth0) <=> auth0##express-openid-connect
expr (jquense) <=> jquense##expr
fastify-multipart (fastify) <=> fastify##fastify-bearer-auth
fastify-multipart (fastify) <=> fastify##fastify-http-proxy
fastify-multipart (fastify) <=> fastify##github-action-merge-dependabot
fastify-multipart (fastify) <=> fastify##fastify-multipart
fastify-multipart (fastify) <=> fastify##fastify
fastify-multipart (fastify) <=> fastify##fastify-reply-from
cached-path-relative (ashaffer) <=> ashaffer##cached-path-relative
byobu (friendsofflarum) <=> friendsofflarum##byobu
node-http-proxy-agent (tootallnate) <=> tootallnate##node-http-proxy-agent
node-http-proxy-agent (tootallnate) <=> tootallnate##plist.js
jsoneditor (josdejong) <=> josdejong##mathjs
jsoneditor (josdejong) <=> josdejong##typed-function
jsoneditor (josdejong) <=> josdejong##jsoneditor
algoliasearch-helper-js (algolia) <=> algolia##algoliasearch-helper-js
providence (collectiveaccess) <=> collectiveaccess##providence
eventsource (eventsource) <=> eventsource##eventsource
simple-get (feross) <=> feross##simple-get
simple-get (feross) <=> feross##git-pull-or-clone
jquery (markelog) <=> acronisscs##jquery
jquery (markelog) <=> jquery##jquery-ui
jquery (markelog) <=> draios##jquery
jquery (markelog) <=> jquery##jquery
jquery (markelog) <=> tamcy##jquery
jquery (markelog) <=> markelog##jquery
assign-deep (jonschlinkert) <=> jonschlinkert##assign-deep
assign-deep (jonschlinkert) <=> jonschlinkert##defaults-deep
countly-server (countly) <=> countly##countly-server
xsshunter-express (mandatoryprogrammer) <=> mandatoryprogrammer##xsshunter-express
streamroller (log4js-node) <=> log4js-node##log4js-node
streamroller (log4js-node) <=> log4js-node##streamroller
glance (jarofghosts) <=> jarofghosts##glance
mongo-express (mongo-express) <=> mongo-express##mongo-express
ws (websockets) <=> websockets##ws
locutus (locutusjs) <=> locutusjs##locutus
socket.io-parser (socketio) <=> socketio##engine.io
socket.io-parser (socketio) <=> socketio##socket.io-parser
socket.io-parser (socketio) <=> socketio##socket.io
linux-cmdline (piranna) <=> piranna##linux-cmdline
pomelo (netease) <=> topfreegames##pomelo
pomelo (netease) <=> netease##pomelo
pomelo (netease) <=> alexandreab##pomelo
node-mixme (adaltas) <=> adaltas##node-csv-parse
node-mixme (adaltas) <=> adaltas##node-mixme
find-my-way (delvedor) <=> delvedor##find-my-way
semver-regex (sindresorhus) <=> sindresorhus##semver-regex
confinit (davideicardi) <=> davideicardi##confinit
swagger-ui (swagger-api) <=> swagger-api##swagger-ui
swagger-ui (swagger-api) <=> swagger-api##swagger-codegen
tough-cookie (salesforce) <=> salesforce##tough-cookie
connie-lang (mattinsler) <=> mattinsler##connie-lang
node-unzipper (zjonsson) <=> zjonsson##node-unzipper
planka (plankanban) <=> plankanban##planka
color-string (qix-) <=> qix-##color-string
node-config-shield (godaddy) <=> godaddy##node-config-shield
apps (owncloud) <=> owncloud##apps
apps (owncloud) <=> owncloud##gallery
apps (owncloud) <=> owncloud##core
piechart-panel (grafana) <=> grafana##piechart-panel
piechart-panel (grafana) <=> grafana##grafana
piechart-panel (grafana) <=> janzerebecki##grafana
socket.io (socketio) <=> socketio##engine.io
socket.io (socketio) <=> socketio##socket.io-parser
socket.io (socketio) <=> socketio##socket.io
rocket.chat (rocketchat) <=> rocketchat##rocket.chat
date-and-time (knowledgecode) <=> knowledgecode##date-and-time
shelljs (shelljs) <=> shelljs##shelljs
commonmark.js (commonmark) <=> commonmark##commonmark.js
git-pull-or-clone (feross) <=> feross##simple-get
git-pull-or-clone (feross) <=> feross##git-pull-or-clone
mdbook (rust-lang) <=> rust-lang##mdbook
apexcharts.js (apexcharts) <=> apexcharts##apexcharts.js
node-xmlhttprequest (mjwwit) <=> mjwwit##node-xmlhttprequest
send (visionmedia) <=> visionmedia##send
send (visionmedia) <=> visionmedia##superagent
scratch-svg-renderer (llk) <=> llk##scratch-svg-renderer
video.js (videojs) <=> videojs##video.js
ssb-db (ssbc) <=> ssbc##ssb-db
jappix (jappix) <=> jappix##jappix
npm-go-ipfs-dep (ipfs-inactive) <=> ipfs-inactive##npm-go-ipfs-dep
jquery (acronisscs) <=> acronisscs##jquery
jquery (acronisscs) <=> jquery##jquery-ui
jquery (acronisscs) <=> draios##jquery
jquery (acronisscs) <=> jquery##jquery
jquery (acronisscs) <=> tamcy##jquery
jquery (acronisscs) <=> markelog##jquery
shescape (ericcornelissen) <=> ericcornelissen##shescape
shescape (ericcornelissen) <=> ericcornelissen##git-tag-annotation-action
node-jwt-simple (hokaccha) <=> hokaccha##node-jwt-simple
tar-fs (mafintosh) <=> mafintosh##tar-fs
rspamd (cpragadeesh) <=> rspamd##rspamd
rspamd (cpragadeesh) <=> cpragadeesh##rspamd
resolve-path (pillarjs) <=> pillarjs##resolve-path
body-parser-xml (fiznool) <=> fiznool##body-parser-xml
merge (viking04) <=> viking04##merge
next-auth (nextauthjs) <=> nextauthjs##next-auth
jquery (draios) <=> acronisscs##jquery
jquery (draios) <=> jquery##jquery-ui
jquery (draios) <=> draios##jquery
jquery (draios) <=> jquery##jquery
jquery (draios) <=> tamcy##jquery
jquery (draios) <=> markelog##jquery
cmum (dukereborn) <=> dukereborn##cmum
lodash (lodash) <=> lodash##lodash
node-http-proxy (http-party) <=> http-party##node-http-proxy
validformbuilder (validformbuilder) <=> validformbuilder##validformbuilder
simditor (mycolorway) <=> mycolorway##simditor
schema-inspector (atinux) <=> atinux##schema-inspector
madlib-object-utils (qwerios) <=> qwerios##madlib-object-utils
trilium (zadam) <=> zadam##trilium
plist.js (tootallnate) <=> tootallnate##node-http-proxy-agent
plist.js (tootallnate) <=> tootallnate##plist.js
three.js (mrdoob) <=> mrdoob##three.js
passport-oauth2 (jaredhanson) <=> jaredhanson##passport-oauth2
mercurius (mercurius-js) <=> mercurius-js##mercurius
deep-override (asaianudeep) <=> asaianudeep##deep-override
trailing-slash (fardog) <=> fardog##trailing-slash
inflect (pksunkara) <=> pksunkara##inflect
markdown-preview (volca) <=> volca##markdown-preview
rdoc (rdoc) <=> rdoc##rdoc
geon (math-geon) <=> math-geon##geon
node-syntax-error (substack) <=> substack##node-shell-quote
node-syntax-error (substack) <=> substack##node-syntax-error
editor.md (alromh87) <=> alromh87##editor.md
phantom-html-to-pdf (pofider) <=> pofider##phantom-html-to-pdf

Match Counts:
trudesk (polonel) <=> polonel##trudesk: 1 times
foreman (theforeman) <=> theforeman##foreman: 1 times
etherpad-lite (ether) <=> ether##etherpad-lite: 1 times
etherpad-lite (ether) <=> tomnomnom##etherpad-lite: 1 times
cacti (ddb4github) <=> mayfly277##cacti: 1 times
cacti (ddb4github) <=> cacti##cacti: 1 times
cacti (ddb4github) <=> ddb4github##cacti: 1 times
cacti (mayfly277) <=> mayfly277##cacti: 1 times
cacti (mayfly277) <=> cacti##cacti: 1 times
cacti (mayfly277) <=> ddb4github##cacti: 1 times
wiki (requarks) <=> requarks##wiki: 1 times
parse-server (parse-community) <=> parse-community##parse-server: 1 times
uri.js (medialize) <=> medialize##uri.js: 1 times
url-parse (unshiftio) <=> unshiftio##url-parse: 1 times
undici (nodejs) <=> nodejs##undici: 1 times
undici (nodejs) <=> nodejs##node: 1 times
framework (totaljs) <=> totaljs##framework: 1 times
systeminformation (sebhildebrandt) <=> sebhildebrandt##systeminformation: 1 times
bootstrap (twbs) <=> don-spyker##bootstrap: 1 times
bootstrap (twbs) <=> twbs##bootstrap: 1 times
titra (kromitgmbh) <=> kromitgmbh##titra: 1 times
rendertron (googlechrome) <=> googlechrome##rendertron: 1 times
convert-svg (neocotic) <=> neocotic##convert-svg: 1 times
follow-redirects (follow-redirects) <=> follow-redirects##follow-redirects: 1 times
nodebb (nodebb) <=> nodebb##nodebb: 1 times
omero-web (ome) <=> ome##omero-web: 1 times
forge (digitalbazaar) <=> digitalbazaar##forge: 1 times
node-ecstatic (jfhbrook) <=> jfhbrook##node-ecstatic: 1 times
ejs (mde) <=> mde##ejs: 1 times
tine20 (tine20) <=> tine20##tine-2.0-open-source-groupware-and-crm: 1 times
tine20 (tine20) <=> tine20##tine20: 1 times
grunt (gruntjs) <=> gruntjs##grunt: 1 times
openpgpjs (openpgpjs) <=> openpgpjs##openpgpjs: 1 times
sequelize (sequelize) <=> sequelize##sequelize: 1 times
node-opcua (node-opcua) <=> node-opcua##node-opcua: 1 times
sogo (inverse-inc) <=> inverse-inc##sogo: 1 times
inventree (inventree) <=> inventree##inventree: 1 times
jquery (jquery) <=> acronisscs##jquery: 1 times
jquery (jquery) <=> jquery##jquery-ui: 1 times
jquery (jquery) <=> draios##jquery: 1 times
jquery (jquery) <=> jquery##jquery: 1 times
jquery (jquery) <=> tamcy##jquery: 1 times
jquery (jquery) <=> markelog##jquery: 1 times
tine-2.0-open-source-groupware-and-crm (tine20) <=> tine20##tine-2.0-open-source-groupware-and-crm: 1 times
tine-2.0-open-source-groupware-and-crm (tine20) <=> tine20##tine20: 1 times
sanitize-html (apostrophecms) <=> punkave##sanitize-html: 1 times
sanitize-html (apostrophecms) <=> apostrophecms##sanitize-html: 1 times
sanitize-html (apostrophecms) <=> apostrophecms##apostrophe: 1 times
swagger-codegen (swagger-api) <=> swagger-api##swagger-ui: 1 times
swagger-codegen (swagger-api) <=> swagger-api##swagger-codegen: 1 times
drawio (jgraph) <=> jgraph##drawio: 1 times
hedgedoc (hedgedoc) <=> hedgedoc##hedgedoc: 1 times
adminlte (pi-hole) <=> pi-hole##adminlte: 1 times
mathjs (josdejong) <=> josdejong##mathjs: 1 times
mathjs (josdejong) <=> josdejong##typed-function: 1 times
mathjs (josdejong) <=> josdejong##jsoneditor: 1 times
opensis-responsive-design (os4ed) <=> os4ed##opensis-responsive-design: 1 times
apostrophe (apostrophecms) <=> apostrophecms##sanitize-html: 1 times
apostrophe (apostrophecms) <=> apostrophecms##apostrophe: 1 times
fullpage.js (alvarotrigo) <=> alvarotrigo##fullpage.js: 1 times
handlebars.js (handlebars-lang) <=> handlebars-lang##handlebars.js: 1 times
privatebin (privatebin) <=> privatebin##privatebin: 1 times
dojo (dojo) <=> dojo##dojo: 1 times
npm (npm) <=> npm##npm: 1 times
npm (npm) <=> npm##node-tar: 1 times
npm (npm) <=> npm##hosted-git-info: 1 times
npm (npm) <=> npm##ini: 1 times
npm (npm) <=> npm##cli: 1 times
npm (npm) <=> npm##fstream: 1 times
keystone (keystonejs) <=> keystonejs##keystone: 1 times
gitlab-ce (gitlab-org) <=> gitlab-org##gitlab-ce: 1 times
openrefine (openrefine) <=> openrefine##openrefine: 1 times
strapi (strapi) <=> strapi##strapi: 1 times
mongoose (automattic) <=> automattic##mongoose: 1 times
object-path (mariocasciaro) <=> mariocasciaro##object-path: 1 times
node-tar (npm) <=> npm##npm: 1 times
node-tar (npm) <=> npm##node-tar: 1 times
node-tar (npm) <=> npm##hosted-git-info: 1 times
node-tar (npm) <=> npm##ini: 1 times
node-tar (npm) <=> npm##cli: 1 times
node-tar (npm) <=> npm##fstream: 1 times
bootstrap (don-spyker) <=> don-spyker##bootstrap: 1 times
bootstrap (don-spyker) <=> twbs##bootstrap: 1 times
next.js (vercel) <=> vercel##next.js: 1 times
django-wiki (django-wiki) <=> django-wiki##django-wiki: 1 times
async-git (omrilotan) <=> omrilotan##async-git: 1 times
janus-gateway (meetecho) <=> meetecho##janus-gateway: 1 times
node-convict (mozilla) <=> mozilla##gecko-dev: 1 times
node-convict (mozilla) <=> mozilla##node-convict: 1 times
karma (karma-runner) <=> karma-runner##karma: 1 times
codecov-node (codecov) <=> codecov##codecov-node: 1 times
moment (moment) <=> moment##moment: 1 times
cms (craftcms) <=> craftcms##cms: 1 times
xmldom (xmldom) <=> xmldom##xmldom: 1 times
connect (senchalabs) <=> senchalabs##connect: 1 times
cli (npm) <=> ruyadorno##cli: 1 times
cli (npm) <=> npm##npm: 1 times
cli (npm) <=> npm##node-tar: 1 times
cli (npm) <=> npm##hosted-git-info: 1 times
cli (npm) <=> npm##ini: 1 times
cli (npm) <=> npm##cli: 1 times
cli (npm) <=> npm##fstream: 1 times
uppy (transloadit) <=> transloadit##uppy: 1 times
dompurify (cure53) <=> cure53##dompurify: 1 times
joplin (laurent22) <=> laurent22##joplin: 1 times
set-in (ahdinosaur) <=> ahdinosaur##set-in: 1 times
cve-services (cveproject) <=> cveproject##cve-services: 1 times
mermaid (mermaid-js) <=> mermaid-js##mermaid: 1 times
hoek (hapijs) <=> hapijs##hoek: 1 times
hoek (hapijs) <=> hapijs##bassmaster: 1 times
hoek (hapijs) <=> hapijs##hapi: 1 times
hoek (hapijs) <=> hapijs##nes: 1 times
hoek (hapijs) <=> hapijs##crumb: 1 times
node-shell-quote (substack) <=> substack##node-shell-quote: 1 times
node-shell-quote (substack) <=> substack##node-syntax-error: 1 times
git-tag-annotation-action (ericcornelissen) <=> ericcornelissen##shescape: 1 times
git-tag-annotation-action (ericcornelissen) <=> ericcornelissen##git-tag-annotation-action: 1 times
jquery.terminal (jcubic) <=> jcubic##sysend.js: 1 times
jquery.terminal (jcubic) <=> jcubic##jquery.terminal: 1 times
adm-zip (cthackers) <=> cthackers##adm-zip: 1 times
fastify (fastify) <=> fastify##fastify-bearer-auth: 1 times
fastify (fastify) <=> fastify##fastify-http-proxy: 1 times
fastify (fastify) <=> fastify##github-action-merge-dependabot: 1 times
fastify (fastify) <=> fastify##fastify-multipart: 1 times
fastify (fastify) <=> fastify##fastify: 1 times
fastify (fastify) <=> fastify##fastify-reply-from: 1 times
semantic-release (semantic-release) <=> semantic-release##semantic-release: 1 times
etherpad-lite (tomnomnom) <=> ether##etherpad-lite: 1 times
etherpad-lite (tomnomnom) <=> tomnomnom##etherpad-lite: 1 times
sqlpad (sqlpad) <=> sqlpad##sqlpad: 1 times
formula-parser (handsontable) <=> handsontable##formula-parser: 1 times
cgm-remote-monitor (nightscout) <=> nightscout##cgm-remote-monitor: 1 times
sticky (flarum) <=> flarum##sticky: 1 times
sails-hook-sockets (balderdashy) <=> balderdashy##waterline-sequel: 1 times
sails-hook-sockets (balderdashy) <=> balderdashy##sails-hook-sockets: 1 times
less-openui5 (sap) <=> sap##less-openui5: 1 times
hawk (hueniverse) <=> hueniverse##hawk: 1 times
cli (ruyadorno) <=> ruyadorno##cli: 1 times
cli (ruyadorno) <=> npm##cli: 1 times
jsuites (jsuites) <=> jsuites##jsuites: 1 times
log4js-node (log4js-node) <=> log4js-node##log4js-node: 1 times
log4js-node (log4js-node) <=> log4js-node##streamroller: 1 times
fastify-reply-from (fastify) <=> fastify##fastify-bearer-auth: 1 times
fastify-reply-from (fastify) <=> fastify##fastify-http-proxy: 1 times
fastify-reply-from (fastify) <=> fastify##github-action-merge-dependabot: 1 times
fastify-reply-from (fastify) <=> fastify##fastify-multipart: 1 times
fastify-reply-from (fastify) <=> fastify##fastify: 1 times
fastify-reply-from (fastify) <=> fastify##fastify-reply-from: 1 times
girder (girder) <=> girder##girder: 1 times
url.js (duzun) <=> duzun##url.js: 1 times
request (request) <=> request##request: 1 times
node-cookie-signature (tj) <=> tj##node-cookie-signature: 1 times
chartkick (ankane) <=> ankane##chartkick: 1 times
ansi_up (drudru) <=> drudru##ansi_up: 1 times
growi (weseek) <=> weseek##growi: 1 times
marked (markedjs) <=> chjj##marked: 1 times
marked (markedjs) <=> markedjs##marked: 1 times
pug (pugjs) <=> pugjs##pug: 1 times
generator-jhipster (jhipster) <=> jhipster##generator-jhipster: 1 times
kill-by-port (guymograbi) <=> guymograbi##kill-by-port: 1 times
monkshu (tekmonksgithub) <=> tekmonksgithub##monkshu: 1 times
scratchtools (stforscratch) <=> stforscratch##scratchtools: 1 times
mquery (aheckmann) <=> aheckmann##mquery: 1 times
mquery (aheckmann) <=> aheckmann##mpath: 1 times
pomelo (topfreegames) <=> topfreegames##pomelo: 1 times
pomelo (topfreegames) <=> netease##pomelo: 1 times
pomelo (topfreegames) <=> alexandreab##pomelo: 1 times
engine.io (socketio) <=> socketio##engine.io: 1 times
engine.io (socketio) <=> socketio##socket.io-parser: 1 times
engine.io (socketio) <=> socketio##socket.io: 1 times
wekan (wekan) <=> wekan##wekan: 1 times
wekan (wekan) <=> robert-scheck##wekan: 1 times
node-fetch (node-fetch) <=> node-fetch##node-fetch: 1 times
ini (npm) <=> npm##npm: 1 times
ini (npm) <=> npm##node-tar: 1 times
ini (npm) <=> npm##hosted-git-info: 1 times
ini (npm) <=> npm##ini: 1 times
ini (npm) <=> npm##cli: 1 times
ini (npm) <=> npm##fstream: 1 times
vega (vega) <=> vega##vega: 1 times
github-action-merge-dependabot (fastify) <=> fastify##fastify-bearer-auth: 1 times
github-action-merge-dependabot (fastify) <=> fastify##fastify-http-proxy: 1 times
github-action-merge-dependabot (fastify) <=> fastify##github-action-merge-dependabot: 1 times
github-action-merge-dependabot (fastify) <=> fastify##fastify-multipart: 1 times
github-action-merge-dependabot (fastify) <=> fastify##fastify: 1 times
github-action-merge-dependabot (fastify) <=> fastify##fastify-reply-from: 1 times
watchadblock (kzar) <=> kzar##watchadblock: 1 times
hexo (hexojs) <=> hexojs##hexo: 1 times
adnauseam (mneunomne) <=> mneunomne##adnauseam: 1 times
node-printer (tojocky) <=> tojocky##node-printer: 1 times
fs-path (pillys) <=> pillys##fs-path: 1 times
protobuf.js (protobufjs) <=> protobufjs##protobuf.js: 1 times
fastify-bearer-auth (fastify) <=> fastify##fastify-bearer-auth: 1 times
fastify-bearer-auth (fastify) <=> fastify##fastify-http-proxy: 1 times
fastify-bearer-auth (fastify) <=> fastify##github-action-merge-dependabot: 1 times
fastify-bearer-auth (fastify) <=> fastify##fastify-multipart: 1 times
fastify-bearer-auth (fastify) <=> fastify##fastify: 1 times
fastify-bearer-auth (fastify) <=> fastify##fastify-reply-from: 1 times
proxy (podium-lib) <=> podium-lib##proxy: 1 times
objection.js (vincit) <=> vincit##objection.js: 1 times
extend2 (eggjs) <=> eggjs##extend2: 1 times
js-bson (mongodb) <=> mongodb##js-bson: 1 times
forms (caolan) <=> caolan##forms: 1 times
keyget (rumkin) <=> rumkin##keyget: 1 times
typed-function (josdejong) <=> josdejong##mathjs: 1 times
typed-function (josdejong) <=> josdejong##typed-function: 1 times
typed-function (josdejong) <=> josdejong##jsoneditor: 1 times
wekan (robert-scheck) <=> wekan##wekan: 1 times
wekan (robert-scheck) <=> robert-scheck##wekan: 1 times
budibase (budibase) <=> budibase##budibase: 1 times
cors-proxy (isomorphic-git) <=> isomorphic-git##cors-proxy: 1 times
waterline-sequel (balderdashy) <=> balderdashy##waterline-sequel: 1 times
waterline-sequel (balderdashy) <=> balderdashy##sails-hook-sockets: 1 times
openwhyd (openwhyd) <=> openwhyd##openwhyd: 1 times
life-server (interop-alliance) <=> interop-alliance##life-server: 1 times
fstream (npm) <=> npm##npm: 1 times
fstream (npm) <=> npm##node-tar: 1 times
fstream (npm) <=> npm##hosted-git-info: 1 times
fstream (npm) <=> npm##ini: 1 times
fstream (npm) <=> npm##cli: 1 times
fstream (npm) <=> npm##fstream: 1 times
knockout (knockout) <=> knockout##knockout: 1 times
jsrsasign (kjur) <=> kjur##jsrsasign: 1 times
camunda-modeler (camunda) <=> camunda##camunda-modeler: 1 times
node-open-graph (samholmes) <=> samholmes##node-open-graph: 1 times
nodemailer (nodemailer) <=> nodemailer##nodemailer: 1 times
ublock (gorhill) <=> gorhill##ublock: 1 times
hosted-git-info (npm) <=> npm##npm: 1 times
hosted-git-info (npm) <=> npm##node-tar: 1 times
hosted-git-info (npm) <=> npm##hosted-git-info: 1 times
hosted-git-info (npm) <=> npm##ini: 1 times
hosted-git-info (npm) <=> npm##cli: 1 times
hosted-git-info (npm) <=> npm##fstream: 1 times
iobroker.js-controller (iobroker) <=> iobroker##iobroker.js-controller: 1 times
iobroker.js-controller (iobroker) <=> iobroker##iobroker.admin: 1 times
electron-packager (electron) <=> electron##electron-packager: 1 times
node-red (node-red) <=> node-red##node-red: 1 times
jquery-ui (jquery) <=> acronisscs##jquery: 1 times
jquery-ui (jquery) <=> jquery##jquery-ui: 1 times
jquery-ui (jquery) <=> draios##jquery: 1 times
jquery-ui (jquery) <=> jquery##jquery: 1 times
jquery-ui (jquery) <=> tamcy##jquery: 1 times
jquery-ui (jquery) <=> markelog##jquery: 1 times
highcharts (highcharts) <=> highcharts##highcharts: 1 times
express-restify-mongoose (florianholzapfel) <=> florianholzapfel##express-restify-mongoose: 1 times
desktop-app (leanote) <=> leanote##desktop-app: 1 times
node-ldapauth-fork (vesse) <=> vesse##node-ldapauth-fork: 1 times
controlled-merge (hlfshell) <=> hlfshell##controlled-merge: 1 times
grafana (janzerebecki) <=> grafana##piechart-panel: 1 times
grafana (janzerebecki) <=> grafana##grafana: 1 times
grafana (janzerebecki) <=> janzerebecki##grafana: 1 times
undefsafe (remy) <=> remy##undefsafe: 1 times
jpeg-js (jpeg-js) <=> jpeg-js##jpeg-js: 1 times
mqtt.js (mqttjs) <=> mqttjs##mqtt.js: 1 times
node-jsonpointer (janl) <=> janl##node-jsonpointer: 1 times
pomelo (alexandreab) <=> topfreegames##pomelo: 1 times
pomelo (alexandreab) <=> netease##pomelo: 1 times
pomelo (alexandreab) <=> alexandreab##pomelo: 1 times
express-jwt (auth0) <=> auth0##auth0.js: 1 times
express-jwt (auth0) <=> auth0##node-jsonwebtoken: 1 times
express-jwt (auth0) <=> auth0##express-jwt: 1 times
express-jwt (auth0) <=> auth0##lock: 1 times
express-jwt (auth0) <=> auth0##express-openid-connect: 1 times
appwrite (appwrite) <=> appwrite##appwrite: 1 times
habitica (habitrpg) <=> habitrpg##habitica: 1 times
irrelon-path (irrelon) <=> irrelon##irrelon-path: 1 times
discourse-footnote (discourse) <=> discourse##discourse-footnote: 1 times
discourse-footnote (discourse) <=> discourse##discourse: 1 times
prism (prismjs) <=> prismjs##prism: 1 times
braces (micromatch) <=> micromatch##braces: 1 times
keycloak-nodejs-connect (keycloak) <=> keycloak##keycloak-nodejs-connect: 1 times
keycloak-nodejs-connect (keycloak) <=> keycloak##keycloak: 1 times
hapi (hapijs) <=> hapijs##hoek: 1 times
hapi (hapijs) <=> hapijs##bassmaster: 1 times
hapi (hapijs) <=> hapijs##hapi: 1 times
hapi (hapijs) <=> hapijs##nes: 1 times
hapi (hapijs) <=> hapijs##crumb: 1 times
egroupware (egroupware) <=> egroupware##egroupware: 1 times
antsword (antswordproject) <=> antswordproject##antsword: 1 times
codemirror (codemirror) <=> codemirror##codemirror: 1 times
bassmaster (hapijs) <=> hapijs##hoek: 1 times
bassmaster (hapijs) <=> hapijs##bassmaster: 1 times
bassmaster (hapijs) <=> hapijs##hapi: 1 times
bassmaster (hapijs) <=> hapijs##nes: 1 times
bassmaster (hapijs) <=> hapijs##crumb: 1 times
otrs (otrs) <=> otrs##otrs: 1 times
sanitize-html (punkave) <=> punkave##sanitize-html: 1 times
sanitize-html (punkave) <=> apostrophecms##sanitize-html: 1 times
conf-cfg-ini (loge5) <=> loge5##conf-cfg-ini: 1 times
mpath (aheckmann) <=> aheckmann##mquery: 1 times
mpath (aheckmann) <=> aheckmann##mpath: 1 times
mversion (mikaelbr) <=> mikaelbr##mversion: 1 times
matrix-react-sdk (matrix-org) <=> matrix-org##matrix-react-sdk: 1 times
loopback-connector-postgresql (loopbackio) <=> loopbackio##loopback-connector-postgresql: 1 times
nes (hapijs) <=> hapijs##hoek: 1 times
nes (hapijs) <=> hapijs##bassmaster: 1 times
nes (hapijs) <=> hapijs##hapi: 1 times
nes (hapijs) <=> hapijs##nes: 1 times
nes (hapijs) <=> hapijs##crumb: 1 times
browser-laptop (brave) <=> brave##browser-laptop: 1 times
image-tiler (mrp) <=> mrp##image-tiler: 1 times
marked (chjj) <=> chjj##marked: 1 times
marked (chjj) <=> markedjs##marked: 1 times
serialize-to-js (commenthol) <=> commenthol##serialize-to-js: 1 times
dot-object (rhalff) <=> rhalff##dot-object: 1 times
defaults-deep (jonschlinkert) <=> jonschlinkert##assign-deep: 1 times
defaults-deep (jonschlinkert) <=> jonschlinkert##defaults-deep: 1 times
auth0.js (auth0) <=> auth0##auth0.js: 1 times
auth0.js (auth0) <=> auth0##node-jsonwebtoken: 1 times
auth0.js (auth0) <=> auth0##express-jwt: 1 times
auth0.js (auth0) <=> auth0##lock: 1 times
auth0.js (auth0) <=> auth0##express-openid-connect: 1 times
otp-generator (maheshkumar-kakade) <=> maheshkumar-kakade##otp-generator: 1 times
lock (auth0) <=> auth0##auth0.js: 1 times
lock (auth0) <=> auth0##node-jsonwebtoken: 1 times
lock (auth0) <=> auth0##express-jwt: 1 times
lock (auth0) <=> auth0##lock: 1 times
lock (auth0) <=> auth0##express-openid-connect: 1 times
opened (ronomon) <=> ronomon##opened: 1 times
opentrade (3s3s) <=> 3s3s##opentrade: 1 times
swiper (nolimits4web) <=> nolimits4web##swiper: 1 times
markdown-it (markdown-it) <=> markdown-it##markdown-it: 1 times
geddy (geddy) <=> geddy##geddy: 1 times
invoiceninja (invoiceninja) <=> invoiceninja##invoiceninja: 1 times
jquery (tamcy) <=> acronisscs##jquery: 1 times
jquery (tamcy) <=> jquery##jquery-ui: 1 times
jquery (tamcy) <=> draios##jquery: 1 times
jquery (tamcy) <=> jquery##jquery: 1 times
jquery (tamcy) <=> tamcy##jquery: 1 times
jquery (tamcy) <=> markelog##jquery: 1 times
rspamd (rspamd) <=> rspamd##rspamd: 1 times
rspamd (rspamd) <=> cpragadeesh##rspamd: 1 times
superagent (visionmedia) <=> visionmedia##send: 1 times
superagent (visionmedia) <=> visionmedia##superagent: 1 times
changeset (eugeneware) <=> eugeneware##changeset: 1 times
parity (paritytech) <=> paritytech##parity: 1 times
stringstream (mhart) <=> mhart##stringstream: 1 times
pixl-class (jhuckaby) <=> jhuckaby##pixl-class: 1 times
node-jsonwebtoken (auth0) <=> auth0##auth0.js: 1 times
node-jsonwebtoken (auth0) <=> auth0##node-jsonwebtoken: 1 times
node-jsonwebtoken (auth0) <=> auth0##express-jwt: 1 times
node-jsonwebtoken (auth0) <=> auth0##lock: 1 times
node-jsonwebtoken (auth0) <=> auth0##express-openid-connect: 1 times
portprocesses (rrainn) <=> rrainn##portprocesses: 1 times
datatablessrc (datatables) <=> datatables##datatablessrc: 1 times
pannellum (mpetroff) <=> mpetroff##pannellum: 1 times
brace-expansion (juliangruber) <=> juliangruber##brace-expansion: 1 times
ftp-srv (autovance) <=> autovance##ftp-srv: 1 times
highlight.js (highlightjs) <=> highlightjs##highlight.js: 1 times
node-solid-server (nodesolidserver) <=> nodesolidserver##node-solid-server: 1 times
omeka (omeka) <=> omeka##omeka: 1 times
ssh2 (mscdex) <=> mscdex##ssh2: 1 times
fastify-http-proxy (fastify) <=> fastify##fastify-bearer-auth: 1 times
fastify-http-proxy (fastify) <=> fastify##fastify-http-proxy: 1 times
fastify-http-proxy (fastify) <=> fastify##github-action-merge-dependabot: 1 times
fastify-http-proxy (fastify) <=> fastify##fastify-multipart: 1 times
fastify-http-proxy (fastify) <=> fastify##fastify: 1 times
fastify-http-proxy (fastify) <=> fastify##fastify-reply-from: 1 times
webpack-subresource-integrity (waysact) <=> waysact##webpack-subresource-integrity: 1 times
jitsi-meet-electron (jitsi) <=> jitsi##jitsi-meet-electron: 1 times
iobroker.admin (iobroker) <=> iobroker##iobroker.js-controller: 1 times
iobroker.admin (iobroker) <=> iobroker##iobroker.admin: 1 times
node-csv-parse (adaltas) <=> adaltas##node-csv-parse: 1 times
node-csv-parse (adaltas) <=> adaltas##node-mixme: 1 times
sysend.js (jcubic) <=> jcubic##sysend.js: 1 times
sysend.js (jcubic) <=> jcubic##jquery.terminal: 1 times
angular-expressions (peerigon) <=> peerigon##angular-expressions: 1 times
deephas (sharpred) <=> sharpred##deephas: 1 times
incubator-livy (apache) <=> apache##incubator-livy: 1 times
crumb (hapijs) <=> hapijs##hoek: 1 times
crumb (hapijs) <=> hapijs##bassmaster: 1 times
crumb (hapijs) <=> hapijs##hapi: 1 times
crumb (hapijs) <=> hapijs##nes: 1 times
crumb (hapijs) <=> hapijs##crumb: 1 times
pwndoc (pwndoc) <=> pwndoc##pwndoc: 1 times
msgpack5 (mcollina) <=> mcollina##msgpack5: 1 times
marktext (marktext) <=> marktext##marktext: 1 times
express-openid-connect (auth0) <=> auth0##auth0.js: 1 times
express-openid-connect (auth0) <=> auth0##node-jsonwebtoken: 1 times
express-openid-connect (auth0) <=> auth0##express-jwt: 1 times
express-openid-connect (auth0) <=> auth0##lock: 1 times
express-openid-connect (auth0) <=> auth0##express-openid-connect: 1 times
expr (jquense) <=> jquense##expr: 1 times
fastify-multipart (fastify) <=> fastify##fastify-bearer-auth: 1 times
fastify-multipart (fastify) <=> fastify##fastify-http-proxy: 1 times
fastify-multipart (fastify) <=> fastify##github-action-merge-dependabot: 1 times
fastify-multipart (fastify) <=> fastify##fastify-multipart: 1 times
fastify-multipart (fastify) <=> fastify##fastify: 1 times
fastify-multipart (fastify) <=> fastify##fastify-reply-from: 1 times
cached-path-relative (ashaffer) <=> ashaffer##cached-path-relative: 1 times
byobu (friendsofflarum) <=> friendsofflarum##byobu: 1 times
node-http-proxy-agent (tootallnate) <=> tootallnate##node-http-proxy-agent: 1 times
node-http-proxy-agent (tootallnate) <=> tootallnate##plist.js: 1 times
jsoneditor (josdejong) <=> josdejong##mathjs: 1 times
jsoneditor (josdejong) <=> josdejong##typed-function: 1 times
jsoneditor (josdejong) <=> josdejong##jsoneditor: 1 times
algoliasearch-helper-js (algolia) <=> algolia##algoliasearch-helper-js: 1 times
providence (collectiveaccess) <=> collectiveaccess##providence: 1 times
eventsource (eventsource) <=> eventsource##eventsource: 1 times
simple-get (feross) <=> feross##simple-get: 1 times
simple-get (feross) <=> feross##git-pull-or-clone: 1 times
jquery (markelog) <=> acronisscs##jquery: 1 times
jquery (markelog) <=> jquery##jquery-ui: 1 times
jquery (markelog) <=> draios##jquery: 1 times
jquery (markelog) <=> jquery##jquery: 1 times
jquery (markelog) <=> tamcy##jquery: 1 times
jquery (markelog) <=> markelog##jquery: 1 times
assign-deep (jonschlinkert) <=> jonschlinkert##assign-deep: 1 times
assign-deep (jonschlinkert) <=> jonschlinkert##defaults-deep: 1 times
countly-server (countly) <=> countly##countly-server: 1 times
xsshunter-express (mandatoryprogrammer) <=> mandatoryprogrammer##xsshunter-express: 1 times
streamroller (log4js-node) <=> log4js-node##log4js-node: 1 times
streamroller (log4js-node) <=> log4js-node##streamroller: 1 times
glance (jarofghosts) <=> jarofghosts##glance: 1 times
mongo-express (mongo-express) <=> mongo-express##mongo-express: 1 times
ws (websockets) <=> websockets##ws: 1 times
locutus (locutusjs) <=> locutusjs##locutus: 1 times
socket.io-parser (socketio) <=> socketio##engine.io: 1 times
socket.io-parser (socketio) <=> socketio##socket.io-parser: 1 times
socket.io-parser (socketio) <=> socketio##socket.io: 1 times
linux-cmdline (piranna) <=> piranna##linux-cmdline: 1 times
pomelo (netease) <=> topfreegames##pomelo: 1 times
pomelo (netease) <=> netease##pomelo: 1 times
pomelo (netease) <=> alexandreab##pomelo: 1 times
node-mixme (adaltas) <=> adaltas##node-csv-parse: 1 times
node-mixme (adaltas) <=> adaltas##node-mixme: 1 times
find-my-way (delvedor) <=> delvedor##find-my-way: 1 times
semver-regex (sindresorhus) <=> sindresorhus##semver-regex: 1 times
confinit (davideicardi) <=> davideicardi##confinit: 1 times
swagger-ui (swagger-api) <=> swagger-api##swagger-ui: 1 times
swagger-ui (swagger-api) <=> swagger-api##swagger-codegen: 1 times
tough-cookie (salesforce) <=> salesforce##tough-cookie: 1 times
connie-lang (mattinsler) <=> mattinsler##connie-lang: 1 times
node-unzipper (zjonsson) <=> zjonsson##node-unzipper: 1 times
planka (plankanban) <=> plankanban##planka: 1 times
color-string (qix-) <=> qix-##color-string: 1 times
node-config-shield (godaddy) <=> godaddy##node-config-shield: 1 times
apps (owncloud) <=> owncloud##apps: 1 times
apps (owncloud) <=> owncloud##gallery: 1 times
apps (owncloud) <=> owncloud##core: 1 times
piechart-panel (grafana) <=> grafana##piechart-panel: 1 times
piechart-panel (grafana) <=> grafana##grafana: 1 times
piechart-panel (grafana) <=> janzerebecki##grafana: 1 times
socket.io (socketio) <=> socketio##engine.io: 1 times
socket.io (socketio) <=> socketio##socket.io-parser: 1 times
socket.io (socketio) <=> socketio##socket.io: 1 times
rocket.chat (rocketchat) <=> rocketchat##rocket.chat: 1 times
date-and-time (knowledgecode) <=> knowledgecode##date-and-time: 1 times
shelljs (shelljs) <=> shelljs##shelljs: 1 times
commonmark.js (commonmark) <=> commonmark##commonmark.js: 1 times
git-pull-or-clone (feross) <=> feross##simple-get: 1 times
git-pull-or-clone (feross) <=> feross##git-pull-or-clone: 1 times
mdbook (rust-lang) <=> rust-lang##mdbook: 1 times
apexcharts.js (apexcharts) <=> apexcharts##apexcharts.js: 1 times
node-xmlhttprequest (mjwwit) <=> mjwwit##node-xmlhttprequest: 1 times
send (visionmedia) <=> visionmedia##send: 1 times
send (visionmedia) <=> visionmedia##superagent: 1 times
scratch-svg-renderer (llk) <=> llk##scratch-svg-renderer: 1 times
video.js (videojs) <=> videojs##video.js: 1 times
ssb-db (ssbc) <=> ssbc##ssb-db: 1 times
jappix (jappix) <=> jappix##jappix: 1 times
npm-go-ipfs-dep (ipfs-inactive) <=> ipfs-inactive##npm-go-ipfs-dep: 1 times
jquery (acronisscs) <=> acronisscs##jquery: 1 times
jquery (acronisscs) <=> jquery##jquery-ui: 1 times
jquery (acronisscs) <=> draios##jquery: 1 times
jquery (acronisscs) <=> jquery##jquery: 1 times
jquery (acronisscs) <=> tamcy##jquery: 1 times
jquery (acronisscs) <=> markelog##jquery: 1 times
shescape (ericcornelissen) <=> ericcornelissen##shescape: 1 times
shescape (ericcornelissen) <=> ericcornelissen##git-tag-annotation-action: 1 times
node-jwt-simple (hokaccha) <=> hokaccha##node-jwt-simple: 1 times
tar-fs (mafintosh) <=> mafintosh##tar-fs: 1 times
rspamd (cpragadeesh) <=> rspamd##rspamd: 1 times
rspamd (cpragadeesh) <=> cpragadeesh##rspamd: 1 times
resolve-path (pillarjs) <=> pillarjs##resolve-path: 1 times
body-parser-xml (fiznool) <=> fiznool##body-parser-xml: 1 times
merge (viking04) <=> viking04##merge: 1 times
next-auth (nextauthjs) <=> nextauthjs##next-auth: 1 times
jquery (draios) <=> acronisscs##jquery: 1 times
jquery (draios) <=> jquery##jquery-ui: 1 times
jquery (draios) <=> draios##jquery: 1 times
jquery (draios) <=> jquery##jquery: 1 times
jquery (draios) <=> tamcy##jquery: 1 times
jquery (draios) <=> markelog##jquery: 1 times
cmum (dukereborn) <=> dukereborn##cmum: 1 times
lodash (lodash) <=> lodash##lodash: 1 times
node-http-proxy (http-party) <=> http-party##node-http-proxy: 1 times
validformbuilder (validformbuilder) <=> validformbuilder##validformbuilder: 1 times
simditor (mycolorway) <=> mycolorway##simditor: 1 times
schema-inspector (atinux) <=> atinux##schema-inspector: 1 times
madlib-object-utils (qwerios) <=> qwerios##madlib-object-utils: 1 times
trilium (zadam) <=> zadam##trilium: 1 times
plist.js (tootallnate) <=> tootallnate##node-http-proxy-agent: 1 times
plist.js (tootallnate) <=> tootallnate##plist.js: 1 times
three.js (mrdoob) <=> mrdoob##three.js: 1 times
passport-oauth2 (jaredhanson) <=> jaredhanson##passport-oauth2: 1 times
mercurius (mercurius-js) <=> mercurius-js##mercurius: 1 times
deep-override (asaianudeep) <=> asaianudeep##deep-override: 1 times
trailing-slash (fardog) <=> fardog##trailing-slash: 1 times
inflect (pksunkara) <=> pksunkara##inflect: 1 times
markdown-preview (volca) <=> volca##markdown-preview: 1 times
rdoc (rdoc) <=> rdoc##rdoc: 1 times
geon (math-geon) <=> math-geon##geon: 1 times
node-syntax-error (substack) <=> substack##node-shell-quote: 1 times
node-syntax-error (substack) <=> substack##node-syntax-error: 1 times
editor.md (alromh87) <=> alromh87##editor.md: 1 times
phantom-html-to-pdf (pofider) <=> pofider##phantom-html-to-pdf: 1 times

Unmatched Packages:

Total Unmatched Packages: 1
